<?xml version="1.0" encoding="UTF-8"?>
<testng-results skipped="0" failed="0" ignored="0" total="1" passed="1">
  <reporter-output>
  </reporter-output>
  <suite name="book-flight-module" duration-ms="3946" started-at="2020-03-19T21:31:03 IST" finished-at="2020-03-19T21:31:07 IST">
    <groups>
    </groups>
    <test name="book-flight-test" duration-ms="3946" started-at="2020-03-19T21:31:03 IST" finished-at="2020-03-19T21:31:07 IST">
      <class name="LoginTest">
        <test-method status="PASS" signature="setupDriver()[pri:0, instance:LoginTest@3bfdc050]" name="setupDriver" is-config="true" duration-ms="1527" started-at="2020-03-19T21:31:03 IST" finished-at="2020-03-19T21:31:05 IST">
          <reporter-output>
          </reporter-output>
        </test-method> <!-- setupDriver -->
        <test-method status="PASS" signature="loginTest()[pri:0, instance:LoginTest@3bfdc050]" name="loginTest" duration-ms="2262" started-at="2020-03-19T21:31:05 IST" finished-at="2020-03-19T21:31:07 IST">
          <reporter-output>
          </reporter-output>
        </test-method> <!-- loginTest -->
        <test-method status="PASS" signature="closeDriver()[pri:0, instance:LoginTest@3bfdc050]" name="closeDriver" is-config="true" duration-ms="135" started-at="2020-03-19T21:31:07 IST" finished-at="2020-03-19T21:31:07 IST">
          <reporter-output>
          </reporter-output>
        </test-method> <!-- closeDriver -->
      </class> <!-- LoginTest -->
    </test> <!-- book-flight-test -->
  </suite> <!-- book-flight-module -->
</testng-results>
